/Applications/CLion.app/Contents/bin/cmake/mac/bin/cmake -DCMAKE_BUILD_TYPE=Debug -DCMAKE_MAKE_PROGRAM=/Applications/CLion.app/Contents/bin/ninja/mac/ninja -G Ninja -S /Users/puheliang/CLionProjects/String -B /Users/puheliang/CLionProjects/String/cmake-build-debug
-- The C compiler identification is unknown
-- The CXX compiler identification is unknown
-- Detecting C compiler ABI info
-- Detecting C compiler ABI info - failed
-- Check for working C compiler: /usr/bin/cc
-- Check for working C compiler: /usr/bin/cc - broken
CMake Error at /Applications/CLion.app/Contents/bin/cmake/mac/share/cmake-3.23/Modules/CMakeTestCCompiler.cmake:69 (message):
  The C compiler

    "/usr/bin/cc"

  is not able to compile a simple test program.

  It fails with the following output:

    Change Dir: /Users/puheliang/CLionProjects/String/cmake-build-debug/CMakeFiles/CMakeTmp
    
    Run Build Command(s):/Applications/CLion.app/Contents/bin/ninja/mac/ninja cmTC_85bd2 && [1/2] Building C object CMakeFiles/cmTC_85bd2.dir/testCCompiler.c.o
    FAILED: CMakeFiles/cmTC_85bd2.dir/testCCompiler.c.o 
    /usr/bin/cc   -arch arm64 -o CMakeFiles/cmTC_85bd2.dir/testCCompiler.c.o -c /Users/puheliang/CLionProjects/String/cmake-build-debug/CMakeFiles/CMakeTmp/testCCompiler.c
    xcrun: error: invalid active developer path (/Library/Developer/CommandLineTools), missing xcrun at: /Library/Developer/CommandLineTools/usr/bin/xcrun
    ninja: build stopped: subcommand failed.
    
    

  

  CMake will not be able to correctly generate this project.
Call Stack (most recent call first):
  CMakeLists.txt:2 (project)


-- Configuring incomplete, errors occurred!
See also "/Users/puheliang/CLionProjects/String/cmake-build-debug/CMakeFiles/CMakeOutput.log".
See also "/Users/puheliang/CLionProjects/String/cmake-build-debug/CMakeFiles/CMakeError.log".

无法获取编译器信息:
	Cannot run program "/Library/Developer/CommandLineTools/usr/bin/c++" (in directory "/Users/puheliang/CLionProjects/String/cmake-build-debug"): error=2, No such file or directory
